{"/data/code/contrib/express-rate-limit/dist/index.js": {"path":"/data/code/contrib/express-rate-limit/dist/index.js","statementMap":{},"fnMap":{},"branchMap":{},"s":{},"f":{},"b":{},"inputSourceMap":null,"_coverageSchema":"1a1c01bbd47fc00a2c39e90264f33305004495a9","hash":"ce2e897a8870db6f0e0db1f2661601aa071d97bb"}
,"/data/code/contrib/express-rate-limit/dist/lib.js": {"path":"/data/code/contrib/express-rate-limit/dist/lib.js","statementMap":{"0":{"start":{"line":11,"column":21},"end":{"line":59,"column":1}},"1":{"start":{"line":16,"column":43},"end":{"line":16,"column":56}},"2":{"start":{"line":18,"column":20},"end":{"line":40,"column":5}},"3":{"start":{"line":29,"column":54},"end":{"line":29,"column":79}},"4":{"start":{"line":31,"column":12},"end":{"line":33,"column":13}},"5":{"start":{"line":32,"column":16},"end":{"line":32,"column":200}},"6":{"start":{"line":34,"column":12},"end":{"line":34,"column":30}},"7":{"start":{"line":36,"column":20},"end":{"line":36,"column":25}},"8":{"start":{"line":37,"column":55},"end":{"line":37,"column":112}},"9":{"start":{"line":42,"column":4},"end":{"line":47,"column":5}},"10":{"start":{"line":46,"column":8},"end":{"line":46,"column":135}},"11":{"start":{"line":49,"column":30},"end":{"line":49,"column":65}},"12":{"start":{"line":50,"column":4},"end":{"line":56,"column":5}},"13":{"start":{"line":53,"column":8},"end":{"line":55,"column":9}},"14":{"start":{"line":54,"column":12},"end":{"line":54,"column":152}},"15":{"start":{"line":58,"column":4},"end":{"line":58,"column":19}},"16":{"start":{"line":70,"column":26},"end":{"line":78,"column":1}},"17":{"start":{"line":70,"column":34},"end":{"line":78,"column":1}},"18":{"start":{"line":71,"column":4},"end":{"line":77,"column":5}},"19":{"start":{"line":73,"column":8},"end":{"line":73,"column":71}},"20":{"start":{"line":76,"column":8},"end":{"line":76,"column":20}},"21":{"start":{"line":89,"column":18},"end":{"line":193,"column":1}},"22":{"start":{"line":91,"column":20},"end":{"line":91,"column":105}},"23":{"start":{"line":93,"column":23},"end":{"line":189,"column":6}},"24":{"start":{"line":95,"column":21},"end":{"line":95,"column":75}},"25":{"start":{"line":96,"column":8},"end":{"line":99,"column":9}},"26":{"start":{"line":97,"column":12},"end":{"line":97,"column":19}},"27":{"start":{"line":98,"column":12},"end":{"line":98,"column":19}},"28":{"start":{"line":101,"column":33},"end":{"line":101,"column":40}},"29":{"start":{"line":103,"column":20},"end":{"line":103,"column":82}},"30":{"start":{"line":105,"column":41},"end":{"line":111,"column":10}},"31":{"start":{"line":106,"column":12},"end":{"line":110,"column":15}},"32":{"start":{"line":107,"column":16},"end":{"line":108,"column":34}},"33":{"start":{"line":108,"column":20},"end":{"line":108,"column":34}},"34":{"start":{"line":109,"column":16},"end":{"line":109,"column":50}},"35":{"start":{"line":113,"column":30},"end":{"line":115,"column":25}},"36":{"start":{"line":116,"column":24},"end":{"line":116,"column":60}},"37":{"start":{"line":118,"column":8},"end":{"line":123,"column":10}},"38":{"start":{"line":125,"column":8},"end":{"line":133,"column":9}},"39":{"start":{"line":126,"column":12},"end":{"line":126,"column":61}},"40":{"start":{"line":127,"column":12},"end":{"line":127,"column":113}},"41":{"start":{"line":129,"column":12},"end":{"line":132,"column":13}},"42":{"start":{"line":130,"column":16},"end":{"line":130,"column":69}},"43":{"start":{"line":131,"column":16},"end":{"line":131,"column":95}},"44":{"start":{"line":136,"column":8},"end":{"line":143,"column":9}},"45":{"start":{"line":137,"column":12},"end":{"line":137,"column":59}},"46":{"start":{"line":138,"column":12},"end":{"line":138,"column":111}},"47":{"start":{"line":139,"column":12},"end":{"line":142,"column":13}},"48":{"start":{"line":140,"column":37},"end":{"line":140,"column":89}},"49":{"start":{"line":141,"column":16},"end":{"line":141,"column":81}},"50":{"start":{"line":146,"column":8},"end":{"line":173,"column":9}},"51":{"start":{"line":147,"column":30},"end":{"line":147,"column":35}},"52":{"start":{"line":148,"column":33},"end":{"line":153,"column":13}},"53":{"start":{"line":149,"column":16},"end":{"line":152,"column":17}},"54":{"start":{"line":150,"column":20},"end":{"line":150,"column":49}},"55":{"start":{"line":151,"column":20},"end":{"line":151,"column":39}},"56":{"start":{"line":154,"column":12},"end":{"line":166,"column":13}},"57":{"start":{"line":155,"column":16},"end":{"line":158,"column":19}},"58":{"start":{"line":156,"column":20},"end":{"line":157,"column":39}},"59":{"start":{"line":157,"column":24},"end":{"line":157,"column":39}},"60":{"start":{"line":159,"column":16},"end":{"line":162,"column":19}},"61":{"start":{"line":160,"column":20},"end":{"line":161,"column":39}},"62":{"start":{"line":161,"column":24},"end":{"line":161,"column":39}},"63":{"start":{"line":163,"column":16},"end":{"line":165,"column":19}},"64":{"start":{"line":164,"column":20},"end":{"line":164,"column":35}},"65":{"start":{"line":167,"column":12},"end":{"line":172,"column":13}},"66":{"start":{"line":168,"column":16},"end":{"line":171,"column":19}},"67":{"start":{"line":169,"column":20},"end":{"line":170,"column":39}},"68":{"start":{"line":170,"column":24},"end":{"line":170,"column":39}},"69":{"start":{"line":176,"column":8},"end":{"line":178,"column":9}},"70":{"start":{"line":177,"column":12},"end":{"line":177,"column":63}},"71":{"start":{"line":181,"column":8},"end":{"line":187,"column":9}},"72":{"start":{"line":182,"column":12},"end":{"line":184,"column":13}},"73":{"start":{"line":183,"column":16},"end":{"line":183,"column":86}},"74":{"start":{"line":185,"column":12},"end":{"line":185,"column":56}},"75":{"start":{"line":186,"column":12},"end":{"line":186,"column":19}},"76":{"start":{"line":188,"column":8},"end":{"line":188,"column":15}},"77":{"start":{"line":190,"column":4},"end":{"line":191,"column":51}},"78":{"start":{"line":192,"column":4},"end":{"line":192,"column":22}}},"fnMap":{"0":{"name":"(anonymous_0)","decl":{"start":{"line":11,"column":21},"end":{"line":11,"column":22}},"loc":{"start":{"line":11,"column":40},"end":{"line":59,"column":1}},"line":11},"1":{"name":"(anonymous_1)","decl":{"start":{"line":29,"column":30},"end":{"line":29,"column":31}},"loc":{"start":{"line":29,"column":54},"end":{"line":29,"column":79}},"line":29},"2":{"name":"(anonymous_2)","decl":{"start":{"line":30,"column":22},"end":{"line":30,"column":23}},"loc":{"start":{"line":30,"column":35},"end":{"line":35,"column":9}},"line":30},"3":{"name":"(anonymous_3)","decl":{"start":{"line":36,"column":14},"end":{"line":36,"column":15}},"loc":{"start":{"line":36,"column":20},"end":{"line":36,"column":25}},"line":36},"4":{"name":"(anonymous_4)","decl":{"start":{"line":37,"column":17},"end":{"line":37,"column":18}},"loc":{"start":{"line":37,"column":55},"end":{"line":37,"column":112}},"line":37},"5":{"name":"(anonymous_5)","decl":{"start":{"line":38,"column":24},"end":{"line":38,"column":25}},"loc":{"start":{"line":38,"column":30},"end":{"line":38,"column":33}},"line":38},"6":{"name":"(anonymous_6)","decl":{"start":{"line":70,"column":26},"end":{"line":70,"column":27}},"loc":{"start":{"line":70,"column":34},"end":{"line":78,"column":1}},"line":70},"7":{"name":"(anonymous_7)","decl":{"start":{"line":70,"column":34},"end":{"line":70,"column":35}},"loc":{"start":{"line":70,"column":69},"end":{"line":78,"column":1}},"line":70},"8":{"name":"(anonymous_8)","decl":{"start":{"line":89,"column":18},"end":{"line":89,"column":19}},"loc":{"start":{"line":89,"column":37},"end":{"line":193,"column":1}},"line":89},"9":{"name":"(anonymous_9)","decl":{"start":{"line":93,"column":41},"end":{"line":93,"column":42}},"loc":{"start":{"line":93,"column":76},"end":{"line":189,"column":5}},"line":93},"10":{"name":"(anonymous_10)","decl":{"start":{"line":105,"column":59},"end":{"line":105,"column":60}},"loc":{"start":{"line":105,"column":80},"end":{"line":111,"column":9}},"line":105},"11":{"name":"(anonymous_11)","decl":{"start":{"line":106,"column":41},"end":{"line":106,"column":42}},"loc":{"start":{"line":106,"column":74},"end":{"line":110,"column":13}},"line":106},"12":{"name":"(anonymous_12)","decl":{"start":{"line":148,"column":33},"end":{"line":148,"column":34}},"loc":{"start":{"line":148,"column":39},"end":{"line":153,"column":13}},"line":148},"13":{"name":"(anonymous_13)","decl":{"start":{"line":155,"column":38},"end":{"line":155,"column":39}},"loc":{"start":{"line":155,"column":44},"end":{"line":158,"column":17}},"line":155},"14":{"name":"(anonymous_14)","decl":{"start":{"line":159,"column":37},"end":{"line":159,"column":38}},"loc":{"start":{"line":159,"column":43},"end":{"line":162,"column":17}},"line":159},"15":{"name":"(anonymous_15)","decl":{"start":{"line":163,"column":37},"end":{"line":163,"column":38}},"loc":{"start":{"line":163,"column":43},"end":{"line":165,"column":17}},"line":163},"16":{"name":"(anonymous_16)","decl":{"start":{"line":168,"column":38},"end":{"line":168,"column":39}},"loc":{"start":{"line":168,"column":44},"end":{"line":171,"column":17}},"line":168}},"branchMap":{"0":{"loc":{"start":{"line":14,"column":4},"end":{"line":14,"column":24}},"type":"default-arg","locations":[{"start":{"line":14,"column":15},"end":{"line":14,"column":24}}],"line":14},"1":{"loc":{"start":{"line":16,"column":4},"end":{"line":16,"column":37}},"type":"default-arg","locations":[{"start":{"line":16,"column":12},"end":{"line":16,"column":37}}],"line":16},"2":{"loc":{"start":{"line":31,"column":12},"end":{"line":33,"column":13}},"type":"if","locations":[{"start":{"line":31,"column":12},"end":{"line":33,"column":13}},{"start":{},"end":{}}],"line":31},"3":{"loc":{"start":{"line":42,"column":4},"end":{"line":47,"column":5}},"type":"if","locations":[{"start":{"line":42,"column":4},"end":{"line":47,"column":5}},{"start":{},"end":{}}],"line":42},"4":{"loc":{"start":{"line":42,"column":8},"end":{"line":45,"column":58}},"type":"binary-expr","locations":[{"start":{"line":42,"column":8},"end":{"line":42,"column":53}},{"start":{"line":43,"column":8},"end":{"line":43,"column":52}},{"start":{"line":44,"column":9},"end":{"line":44,"column":35}},{"start":{"line":45,"column":12},"end":{"line":45,"column":57}}],"line":42},"5":{"loc":{"start":{"line":53,"column":8},"end":{"line":55,"column":9}},"type":"if","locations":[{"start":{"line":53,"column":8},"end":{"line":55,"column":9}},{"start":{},"end":{}}],"line":53},"6":{"loc":{"start":{"line":91,"column":33},"end":{"line":91,"column":104}},"type":"cond-expr","locations":[{"start":{"line":91,"column":86},"end":{"line":91,"column":99}},{"start":{"line":91,"column":102},"end":{"line":91,"column":104}}],"line":91},"7":{"loc":{"start":{"line":91,"column":33},"end":{"line":91,"column":83}},"type":"binary-expr","locations":[{"start":{"line":91,"column":33},"end":{"line":91,"column":55}},{"start":{"line":91,"column":59},"end":{"line":91,"column":83}}],"line":91},"8":{"loc":{"start":{"line":96,"column":8},"end":{"line":99,"column":9}},"type":"if","locations":[{"start":{"line":96,"column":8},"end":{"line":99,"column":9}},{"start":{},"end":{}}],"line":96},"9":{"loc":{"start":{"line":107,"column":16},"end":{"line":108,"column":34}},"type":"if","locations":[{"start":{"line":107,"column":16},"end":{"line":108,"column":34}},{"start":{},"end":{}}],"line":107},"10":{"loc":{"start":{"line":113,"column":30},"end":{"line":115,"column":25}},"type":"cond-expr","locations":[{"start":{"line":114,"column":14},"end":{"line":114,"column":44}},{"start":{"line":115,"column":14},"end":{"line":115,"column":25}}],"line":113},"11":{"loc":{"start":{"line":125,"column":8},"end":{"line":133,"column":9}},"type":"if","locations":[{"start":{"line":125,"column":8},"end":{"line":133,"column":9}},{"start":{},"end":{}}],"line":125},"12":{"loc":{"start":{"line":125,"column":12},"end":{"line":125,"column":52}},"type":"binary-expr","locations":[{"start":{"line":125,"column":12},"end":{"line":125,"column":27}},{"start":{"line":125,"column":31},"end":{"line":125,"column":52}}],"line":125},"13":{"loc":{"start":{"line":129,"column":12},"end":{"line":132,"column":13}},"type":"if","locations":[{"start":{"line":129,"column":12},"end":{"line":132,"column":13}},{"start":{},"end":{}}],"line":129},"14":{"loc":{"start":{"line":136,"column":8},"end":{"line":143,"column":9}},"type":"if","locations":[{"start":{"line":136,"column":8},"end":{"line":143,"column":9}},{"start":{},"end":{}}],"line":136},"15":{"loc":{"start":{"line":136,"column":12},"end":{"line":136,"column":67}},"type":"binary-expr","locations":[{"start":{"line":136,"column":12},"end":{"line":136,"column":42}},{"start":{"line":136,"column":46},"end":{"line":136,"column":67}}],"line":136},"16":{"loc":{"start":{"line":139,"column":12},"end":{"line":142,"column":13}},"type":"if","locations":[{"start":{"line":139,"column":12},"end":{"line":142,"column":13}},{"start":{},"end":{}}],"line":139},"17":{"loc":{"start":{"line":146,"column":8},"end":{"line":173,"column":9}},"type":"if","locations":[{"start":{"line":146,"column":8},"end":{"line":173,"column":9}},{"start":{},"end":{}}],"line":146},"18":{"loc":{"start":{"line":146,"column":12},"end":{"line":146,"column":72}},"type":"binary-expr","locations":[{"start":{"line":146,"column":12},"end":{"line":146,"column":38}},{"start":{"line":146,"column":42},"end":{"line":146,"column":72}}],"line":146},"19":{"loc":{"start":{"line":149,"column":16},"end":{"line":152,"column":17}},"type":"if","locations":[{"start":{"line":149,"column":16},"end":{"line":152,"column":17}},{"start":{},"end":{}}],"line":149},"20":{"loc":{"start":{"line":154,"column":12},"end":{"line":166,"column":13}},"type":"if","locations":[{"start":{"line":154,"column":12},"end":{"line":166,"column":13}},{"start":{},"end":{}}],"line":154},"21":{"loc":{"start":{"line":156,"column":20},"end":{"line":157,"column":39}},"type":"if","locations":[{"start":{"line":156,"column":20},"end":{"line":157,"column":39}},{"start":{},"end":{}}],"line":156},"22":{"loc":{"start":{"line":160,"column":20},"end":{"line":161,"column":39}},"type":"if","locations":[{"start":{"line":160,"column":20},"end":{"line":161,"column":39}},{"start":{},"end":{}}],"line":160},"23":{"loc":{"start":{"line":167,"column":12},"end":{"line":172,"column":13}},"type":"if","locations":[{"start":{"line":167,"column":12},"end":{"line":172,"column":13}},{"start":{},"end":{}}],"line":167},"24":{"loc":{"start":{"line":169,"column":20},"end":{"line":170,"column":39}},"type":"if","locations":[{"start":{"line":169,"column":20},"end":{"line":170,"column":39}},{"start":{},"end":{}}],"line":169},"25":{"loc":{"start":{"line":176,"column":8},"end":{"line":178,"column":9}},"type":"if","locations":[{"start":{"line":176,"column":8},"end":{"line":178,"column":9}},{"start":{},"end":{}}],"line":176},"26":{"loc":{"start":{"line":176,"column":12},"end":{"line":176,"column":48}},"type":"binary-expr","locations":[{"start":{"line":176,"column":12},"end":{"line":176,"column":19}},{"start":{"line":176,"column":23},"end":{"line":176,"column":48}}],"line":176},"27":{"loc":{"start":{"line":181,"column":8},"end":{"line":187,"column":9}},"type":"if","locations":[{"start":{"line":181,"column":8},"end":{"line":187,"column":9}},{"start":{},"end":{}}],"line":181},"28":{"loc":{"start":{"line":181,"column":12},"end":{"line":181,"column":42}},"type":"binary-expr","locations":[{"start":{"line":181,"column":12},"end":{"line":181,"column":19}},{"start":{"line":181,"column":23},"end":{"line":181,"column":42}}],"line":181},"29":{"loc":{"start":{"line":182,"column":12},"end":{"line":184,"column":13}},"type":"if","locations":[{"start":{"line":182,"column":12},"end":{"line":184,"column":13}},{"start":{},"end":{}}],"line":182},"30":{"loc":{"start":{"line":182,"column":16},"end":{"line":182,"column":56}},"type":"binary-expr","locations":[{"start":{"line":182,"column":16},"end":{"line":182,"column":31}},{"start":{"line":182,"column":35},"end":{"line":182,"column":56}}],"line":182}},"s":{"0":3,"1":42,"2":42,"3":8,"4":55,"5":1,"6":55,"7":74,"8":13,"9":42,"10":2,"11":40,"12":40,"13":117,"14":3,"15":37,"16":3,"17":37,"18":81,"19":81,"20":0,"21":3,"22":42,"23":37,"24":81,"25":80,"26":6,"27":6,"28":74,"29":74,"30":74,"31":74,"32":74,"33":0,"34":74,"35":74,"36":74,"37":74,"38":74,"39":70,"40":69,"41":69,"42":54,"43":54,"44":73,"45":1,"46":1,"47":1,"48":1,"49":1,"50":73,"51":12,"52":12,"53":6,"54":6,"55":6,"56":12,"57":6,"58":6,"59":3,"60":6,"61":6,"62":0,"63":6,"64":0,"65":12,"66":6,"67":6,"68":3,"69":73,"70":17,"71":73,"72":17,"73":17,"74":17,"75":16,"76":56,"77":37,"78":37},"f":{"0":42,"1":8,"2":55,"3":74,"4":13,"5":17,"6":37,"7":81,"8":42,"9":81,"10":74,"11":74,"12":6,"13":6,"14":6,"15":0,"16":6},"b":{"0":[36],"1":[26],"2":[1,54],"3":[2,40],"4":[42,40,40,4],"5":[3,114],"6":[41,1],"7":[42,42],"8":[6,74],"9":[0,74],"10":[7,67],"11":[70,4],"12":[74,70],"13":[54,15],"14":[1,72],"15":[73,1],"16":[1,0],"17":[12,61],"18":[73,67],"19":[6,0],"20":[6,6],"21":[3,3],"22":[0,6],"23":[6,6],"24":[3,3],"25":[17,56],"26":[73,73],"27":[17,56],"28":[73,73],"29":[17,0],"30":[17,17]},"inputSourceMap":null,"_coverageSchema":"1a1c01bbd47fc00a2c39e90264f33305004495a9","hash":"0d2e67b2cb14b7a5784d13d5064d8f526c80a925"}
,"/data/code/contrib/express-rate-limit/dist/memory-store.js": {"path":"/data/code/contrib/express-rate-limit/dist/memory-store.js","statementMap":{"0":{"start":{"line":12,"column":31},"end":{"line":16,"column":1}},"1":{"start":{"line":13,"column":22},"end":{"line":13,"column":32}},"2":{"start":{"line":14,"column":4},"end":{"line":14,"column":70}},"3":{"start":{"line":15,"column":4},"end":{"line":15,"column":21}},"4":{"start":{"line":30,"column":8},"end":{"line":30,"column":33}},"5":{"start":{"line":31,"column":8},"end":{"line":31,"column":23}},"6":{"start":{"line":32,"column":8},"end":{"line":32,"column":58}},"7":{"start":{"line":34,"column":25},"end":{"line":36,"column":20}},"8":{"start":{"line":35,"column":12},"end":{"line":35,"column":28}},"9":{"start":{"line":37,"column":8},"end":{"line":39,"column":9}},"10":{"start":{"line":38,"column":12},"end":{"line":38,"column":29}},"11":{"start":{"line":51,"column":24},"end":{"line":51,"column":86}},"12":{"start":{"line":52,"column":8},"end":{"line":52,"column":33}},"13":{"start":{"line":53,"column":8},"end":{"line":53,"column":53}},"14":{"start":{"line":63,"column":24},"end":{"line":63,"column":38}},"15":{"start":{"line":64,"column":8},"end":{"line":66,"column":9}},"16":{"start":{"line":65,"column":12},"end":{"line":65,"column":41}},"17":{"start":{"line":76,"column":8},"end":{"line":76,"column":30}},"18":{"start":{"line":84,"column":8},"end":{"line":84,"column":23}},"19":{"start":{"line":85,"column":8},"end":{"line":85,"column":63}}},"fnMap":{"0":{"name":"(anonymous_0)","decl":{"start":{"line":12,"column":31},"end":{"line":12,"column":32}},"loc":{"start":{"line":12,"column":45},"end":{"line":16,"column":1}},"line":12},"1":{"name":"(anonymous_1)","decl":{"start":{"line":29,"column":4},"end":{"line":29,"column":5}},"loc":{"start":{"line":29,"column":26},"end":{"line":40,"column":5}},"line":29},"2":{"name":"(anonymous_2)","decl":{"start":{"line":34,"column":37},"end":{"line":34,"column":38}},"loc":{"start":{"line":34,"column":43},"end":{"line":36,"column":9}},"line":34},"3":{"name":"(anonymous_3)","decl":{"start":{"line":49,"column":4},"end":{"line":49,"column":5}},"loc":{"start":{"line":49,"column":29},"end":{"line":54,"column":5}},"line":49},"4":{"name":"(anonymous_4)","decl":{"start":{"line":62,"column":4},"end":{"line":62,"column":5}},"loc":{"start":{"line":62,"column":19},"end":{"line":67,"column":5}},"line":62},"5":{"name":"(anonymous_5)","decl":{"start":{"line":75,"column":4},"end":{"line":75,"column":5}},"loc":{"start":{"line":75,"column":18},"end":{"line":77,"column":5}},"line":75},"6":{"name":"(anonymous_6)","decl":{"start":{"line":83,"column":4},"end":{"line":83,"column":5}},"loc":{"start":{"line":83,"column":15},"end":{"line":86,"column":5}},"line":83}},"branchMap":{"0":{"loc":{"start":{"line":37,"column":8},"end":{"line":39,"column":9}},"type":"if","locations":[{"start":{"line":37,"column":8},"end":{"line":39,"column":9}},{"start":{},"end":{}}],"line":37},"1":{"loc":{"start":{"line":51,"column":25},"end":{"line":51,"column":81}},"type":"cond-expr","locations":[{"start":{"line":51,"column":75},"end":{"line":51,"column":77}},{"start":{"line":51,"column":80},"end":{"line":51,"column":81}}],"line":51},"2":{"loc":{"start":{"line":51,"column":25},"end":{"line":51,"column":72}},"type":"binary-expr","locations":[{"start":{"line":51,"column":25},"end":{"line":51,"column":55}},{"start":{"line":51,"column":59},"end":{"line":51,"column":72}}],"line":51},"3":{"loc":{"start":{"line":64,"column":8},"end":{"line":66,"column":9}},"type":"if","locations":[{"start":{"line":64,"column":8},"end":{"line":66,"column":9}},{"start":{},"end":{}}],"line":64}},"s":{"0":4,"1":218,"2":218,"3":218,"4":33,"5":33,"6":33,"7":33,"8":184,"9":33,"10":33,"11":75,"12":75,"13":75,"14":1,"15":1,"16":1,"17":1,"18":185,"19":185},"f":{"0":218,"1":33,"2":184,"3":75,"4":1,"5":1,"6":185},"b":{"0":[33,0],"1":[35,40],"2":[75,75],"3":[1,0]},"inputSourceMap":null,"_coverageSchema":"1a1c01bbd47fc00a2c39e90264f33305004495a9","hash":"e5328fdd03a099407f8a5ad64bde979d4195a731"}
,"/data/code/contrib/express-rate-limit/dist/types.js": {"path":"/data/code/contrib/express-rate-limit/dist/types.js","statementMap":{},"fnMap":{},"branchMap":{},"s":{},"f":{},"b":{},"inputSourceMap":null,"_coverageSchema":"1a1c01bbd47fc00a2c39e90264f33305004495a9","hash":"30d246381ba5be6f7401bf4b1a973417f5fa0e6d"}
}
