TN:
SF:dist/index.js
FNF:0
FNH:0
LF:0
LH:0
BRF:0
BRH:0
end_of_record
TN:
SF:dist/lib.js
FN:11,(anonymous_0)
FN:29,(anonymous_1)
FN:30,(anonymous_2)
FN:36,(anonymous_3)
FN:37,(anonymous_4)
FN:38,(anonymous_5)
FN:70,(anonymous_6)
FN:70,(anonymous_7)
FN:89,(anonymous_8)
FN:93,(anonymous_9)
FN:105,(anonymous_10)
FN:106,(anonymous_11)
FN:148,(anonymous_12)
FN:155,(anonymous_13)
FN:159,(anonymous_14)
FN:163,(anonymous_15)
FN:168,(anonymous_16)
FNF:17
FNH:16
FNDA:42,(anonymous_0)
FNDA:8,(anonymous_1)
FNDA:55,(anonymous_2)
FNDA:74,(anonymous_3)
FNDA:13,(anonymous_4)
FNDA:17,(anonymous_5)
FNDA:37,(anonymous_6)
FNDA:81,(anonymous_7)
FNDA:42,(anonymous_8)
FNDA:81,(anonymous_9)
FNDA:74,(anonymous_10)
FNDA:74,(anonymous_11)
FNDA:6,(anonymous_12)
FNDA:6,(anonymous_13)
FNDA:6,(anonymous_14)
FNDA:0,(anonymous_15)
FNDA:6,(anonymous_16)
DA:11,3
DA:16,42
DA:18,42
DA:29,8
DA:31,55
DA:32,1
DA:34,55
DA:36,74
DA:37,13
DA:42,42
DA:46,2
DA:49,40
DA:50,40
DA:53,117
DA:54,3
DA:58,37
DA:70,37
DA:71,81
DA:73,81
DA:76,0
DA:89,3
DA:91,42
DA:93,37
DA:95,81
DA:96,80
DA:97,6
DA:98,6
DA:101,74
DA:103,74
DA:105,74
DA:106,74
DA:107,74
DA:108,0
DA:109,74
DA:113,74
DA:116,74
DA:118,74
DA:125,74
DA:126,70
DA:127,69
DA:129,69
DA:130,54
DA:131,54
DA:136,73
DA:137,1
DA:138,1
DA:139,1
DA:140,1
DA:141,1
DA:146,73
DA:147,12
DA:148,12
DA:149,6
DA:150,6
DA:151,6
DA:154,12
DA:155,6
DA:156,6
DA:157,3
DA:159,6
DA:160,6
DA:161,0
DA:163,6
DA:164,0
DA:167,12
DA:168,6
DA:169,6
DA:170,3
DA:176,73
DA:177,17
DA:181,73
DA:182,17
DA:183,17
DA:185,17
DA:186,16
DA:188,56
DA:190,37
DA:192,37
LF:78
LH:74
BRDA:14,0,0,36
BRDA:16,1,0,26
BRDA:31,2,0,1
BRDA:31,2,1,54
BRDA:42,3,0,2
BRDA:42,3,1,40
BRDA:42,4,0,42
BRDA:42,4,1,40
BRDA:42,4,2,40
BRDA:42,4,3,4
BRDA:53,5,0,3
BRDA:53,5,1,114
BRDA:91,6,0,41
BRDA:91,6,1,1
BRDA:91,7,0,42
BRDA:91,7,1,42
BRDA:96,8,0,6
BRDA:96,8,1,74
BRDA:107,9,0,0
BRDA:107,9,1,74
BRDA:113,10,0,7
BRDA:113,10,1,67
BRDA:125,11,0,70
BRDA:125,11,1,4
BRDA:125,12,0,74
BRDA:125,12,1,70
BRDA:129,13,0,54
BRDA:129,13,1,15
BRDA:136,14,0,1
BRDA:136,14,1,72
BRDA:136,15,0,73
BRDA:136,15,1,1
BRDA:139,16,0,1
BRDA:139,16,1,0
BRDA:146,17,0,12
BRDA:146,17,1,61
BRDA:146,18,0,73
BRDA:146,18,1,67
BRDA:149,19,0,6
BRDA:149,19,1,0
BRDA:154,20,0,6
BRDA:154,20,1,6
BRDA:156,21,0,3
BRDA:156,21,1,3
BRDA:160,22,0,0
BRDA:160,22,1,6
BRDA:167,23,0,6
BRDA:167,23,1,6
BRDA:169,24,0,3
BRDA:169,24,1,3
BRDA:176,25,0,17
BRDA:176,25,1,56
BRDA:176,26,0,73
BRDA:176,26,1,73
BRDA:181,27,0,17
BRDA:181,27,1,56
BRDA:181,28,0,73
BRDA:181,28,1,73
BRDA:182,29,0,17
BRDA:182,29,1,0
BRDA:182,30,0,17
BRDA:182,30,1,17
BRF:62
BRH:57
end_of_record
TN:
SF:dist/memory-store.js
FN:12,(anonymous_0)
FN:29,(anonymous_1)
FN:34,(anonymous_2)
FN:49,(anonymous_3)
FN:62,(anonymous_4)
FN:75,(anonymous_5)
FN:83,(anonymous_6)
FNF:7
FNH:7
FNDA:218,(anonymous_0)
FNDA:33,(anonymous_1)
FNDA:184,(anonymous_2)
FNDA:75,(anonymous_3)
FNDA:1,(anonymous_4)
FNDA:1,(anonymous_5)
FNDA:185,(anonymous_6)
DA:12,4
DA:13,218
DA:14,218
DA:15,218
DA:30,33
DA:31,33
DA:32,33
DA:34,33
DA:35,184
DA:37,33
DA:38,33
DA:51,75
DA:52,75
DA:53,75
DA:63,1
DA:64,1
DA:65,1
DA:76,1
DA:84,185
DA:85,185
LF:20
LH:20
BRDA:37,0,0,33
BRDA:37,0,1,0
BRDA:51,1,0,35
BRDA:51,1,1,40
BRDA:51,2,0,75
BRDA:51,2,1,75
BRDA:64,3,0,1
BRDA:64,3,1,0
BRF:8
BRH:6
end_of_record
TN:
SF:dist/types.js
FNF:0
FNH:0
LF:0
LH:0
BRF:0
BRH:0
end_of_record
